   Qt/MSBuild: 3.3.0.13
   Qt: 6.7.2
  Utils.cpp
  CmdSink.cpp
  ImgSink.cpp
  QtGui.cpp
D:\mathe\Documents\Meus Codes\demo-api-sdk\QtGui\Utils.cpp(1,1): warning C4828: O arquivo contém um caractere começando com o deslocamento 0x72 que é inválido no conjunto de caracteres de origem atual (página de código 65001).
D:\mathe\Documents\Meus Codes\demo-api-sdk\QtGui\Utils.cpp(1,1): warning C4828: O arquivo contém um caractere começando com o deslocamento 0x8b que é inválido no conjunto de caracteres de origem atual (página de código 65001).
D:\mathe\Documents\Meus Codes\demo-api-sdk\QtGui\CmdSink.h(1,1): warning C4828: O arquivo contém um caractere começando com o deslocamento 0xa2 que é inválido no conjunto de caracteres de origem atual (página de código 65001).
  (compilando o arquivo fonte 'CmdSink.cpp')
  
D:\mathe\Documents\Meus Codes\demo-api-sdk\QtGui\Utils.cpp(1,1): warning C4828: O arquivo contém um caractere começando com o deslocamento 0x92 que é inválido no conjunto de caracteres de origem atual (página de código 65001).
D:\mathe\Documents\Meus Codes\demo-api-sdk\QtGui\CmdSink.h(1,1): warning C4828: O arquivo contém um caractere começando com o deslocamento 0xb6 que é inválido no conjunto de caracteres de origem atual (página de código 65001).
  (compilando o arquivo fonte 'CmdSink.cpp')
  
D:\mathe\Documents\Meus Codes\demo-api-sdk\QtGui\Utils.cpp(1,1): warning C4828: O arquivo contém um caractere começando com o deslocamento 0x14f que é inválido no conjunto de caracteres de origem atual (página de código 65001).
D:\mathe\Documents\Meus Codes\demo-api-sdk\QtGui\CmdSink.h(1,1): warning C4828: O arquivo contém um caractere começando com o deslocamento 0x13e que é inválido no conjunto de caracteres de origem atual (página de código 65001).
  (compilando o arquivo fonte 'CmdSink.cpp')
  
D:\mathe\Documents\Meus Codes\demo-api-sdk\QtGui\Utils.cpp(1,1): warning C4828: O arquivo contém um caractere começando com o deslocamento 0x15c que é inválido no conjunto de caracteres de origem atual (página de código 65001).
D:\mathe\Documents\Meus Codes\demo-api-sdk\QtGui\CmdSink.h(1,1): warning C4828: O arquivo contém um caractere começando com o deslocamento 0x155 que é inválido no conjunto de caracteres de origem atual (página de código 65001).
  (compilando o arquivo fonte 'CmdSink.cpp')
  
D:\mathe\Documents\Meus Codes\demo-api-sdk\QtGui\Utils.h(1,1): warning C4828: O arquivo contém um caractere começando com o deslocamento 0x2b que é inválido no conjunto de caracteres de origem atual (página de código 65001).
  (compilando o arquivo fonte 'Utils.cpp')
  
D:\mathe\Documents\Meus Codes\demo-api-sdk\QtGui\Utils.h(1,1): warning C4828: O arquivo contém um caractere começando com o deslocamento 0x3a que é inválido no conjunto de caracteres de origem atual (página de código 65001).
  (compilando o arquivo fonte 'Utils.cpp')
  
D:\mathe\Documents\Meus Codes\demo-api-sdk\QtGui\ImgSink.h(1,1): warning C4828: O arquivo contém um caractere começando com o deslocamento 0x129 que é inválido no conjunto de caracteres de origem atual (página de código 65001).
  (compilando o arquivo fonte 'ImgSink.cpp')
  
D:\mathe\Documents\Meus Codes\demo-api-sdk\QtGui\ImgSink.h(1,1): warning C4828: O arquivo contém um caractere começando com o deslocamento 0x13d que é inválido no conjunto de caracteres de origem atual (página de código 65001).
  (compilando o arquivo fonte 'ImgSink.cpp')
  
D:\mathe\Documents\Meus Codes\demo-api-sdk\QtGui\ImgSink.h(1,1): warning C4828: O arquivo contém um caractere começando com o deslocamento 0x1c5 que é inválido no conjunto de caracteres de origem atual (página de código 65001).
  (compilando o arquivo fonte 'ImgSink.cpp')
  
D:\mathe\Documents\Meus Codes\demo-api-sdk\QtGui\ImgSink.h(1,1): warning C4828: O arquivo contém um caractere começando com o deslocamento 0x1dc que é inválido no conjunto de caracteres de origem atual (página de código 65001).
  (compilando o arquivo fonte 'ImgSink.cpp')
  
D:\mathe\Documents\Meus Codes\demo-api-sdk\QtGui\ImgSink.h(1,1): warning C4828: O arquivo contém um caractere começando com o deslocamento 0x30c que é inválido no conjunto de caracteres de origem atual (página de código 65001).
  (compilando o arquivo fonte 'ImgSink.cpp')
  
D:\mathe\Documents\Meus Codes\demo-api-sdk\QtGui\ImgSink.h(1,1): warning C4828: O arquivo contém um caractere começando com o deslocamento 0x32b que é inválido no conjunto de caracteres de origem atual (página de código 65001).
  (compilando o arquivo fonte 'ImgSink.cpp')
  
D:\mathe\Documents\Meus Codes\demo-api-sdk\QtGui\ImgSink.h(1,1): warning C4828: O arquivo contém um caractere começando com o deslocamento 0x38f que é inválido no conjunto de caracteres de origem atual (página de código 65001).
  (compilando o arquivo fonte 'ImgSink.cpp')
  
D:\mathe\Documents\Meus Codes\demo-api-sdk\QtGui\ImgSink.h(1,1): warning C4828: O arquivo contém um caractere começando com o deslocamento 0x4e0 que é inválido no conjunto de caracteres de origem atual (página de código 65001).
  (compilando o arquivo fonte 'ImgSink.cpp')
  
D:\mathe\Documents\Meus Codes\demo-api-sdk\include\ximage_handler.h(50,15): warning C4251: 'XImageHandler::_image_file': 'std::basic_string<char,std::char_traits<char>,std::allocator<char>>' precisa ter dll-interface para ser usada por clientes de 'XImageHandler'
  (compilando o arquivo fonte 'ImgSink.cpp')
      C:\Program Files\Microsoft Visual Studio\2022\Professional\VC\Tools\MSVC\14.41.34120\include\xstring(527,7):
      consulte a declaração de 'std::basic_string<char,std::char_traits<char>,std::allocator<char>>'
  
  main.cpp
D:\mathe\Documents\Meus Codes\demo-api-sdk\QtGui\CmdSink.h(1,1): warning C4828: O arquivo contém um caractere começando com o deslocamento 0xa2 que é inválido no conjunto de caracteres de origem atual (página de código 65001).
  (compilando o arquivo fonte 'QtGui.cpp')
  
D:\mathe\Documents\Meus Codes\demo-api-sdk\QtGui\CmdSink.h(1,1): warning C4828: O arquivo contém um caractere começando com o deslocamento 0xb6 que é inválido no conjunto de caracteres de origem atual (página de código 65001).
  (compilando o arquivo fonte 'QtGui.cpp')
  
D:\mathe\Documents\Meus Codes\demo-api-sdk\QtGui\CmdSink.h(1,1): warning C4828: O arquivo contém um caractere começando com o deslocamento 0x13e que é inválido no conjunto de caracteres de origem atual (página de código 65001).
  (compilando o arquivo fonte 'QtGui.cpp')
  
D:\mathe\Documents\Meus Codes\demo-api-sdk\QtGui\CmdSink.h(1,1): warning C4828: O arquivo contém um caractere começando com o deslocamento 0x155 que é inválido no conjunto de caracteres de origem atual (página de código 65001).
  (compilando o arquivo fonte 'QtGui.cpp')
  
D:\mathe\Documents\Meus Codes\demo-api-sdk\QtGui\ImgSink.h(1,1): warning C4828: O arquivo contém um caractere começando com o deslocamento 0x129 que é inválido no conjunto de caracteres de origem atual (página de código 65001).
  (compilando o arquivo fonte 'QtGui.cpp')
  
D:\mathe\Documents\Meus Codes\demo-api-sdk\QtGui\ImgSink.h(1,1): warning C4828: O arquivo contém um caractere começando com o deslocamento 0x13d que é inválido no conjunto de caracteres de origem atual (página de código 65001).
  (compilando o arquivo fonte 'QtGui.cpp')
  
D:\mathe\Documents\Meus Codes\demo-api-sdk\QtGui\ImgSink.h(1,1): warning C4828: O arquivo contém um caractere começando com o deslocamento 0x1c5 que é inválido no conjunto de caracteres de origem atual (página de código 65001).
  (compilando o arquivo fonte 'QtGui.cpp')
  
D:\mathe\Documents\Meus Codes\demo-api-sdk\QtGui\ImgSink.h(1,1): warning C4828: O arquivo contém um caractere começando com o deslocamento 0x1dc que é inválido no conjunto de caracteres de origem atual (página de código 65001).
  (compilando o arquivo fonte 'QtGui.cpp')
  
D:\mathe\Documents\Meus Codes\demo-api-sdk\QtGui\ImgSink.h(1,1): warning C4828: O arquivo contém um caractere começando com o deslocamento 0x30c que é inválido no conjunto de caracteres de origem atual (página de código 65001).
  (compilando o arquivo fonte 'QtGui.cpp')
  
D:\mathe\Documents\Meus Codes\demo-api-sdk\QtGui\ImgSink.h(1,1): warning C4828: O arquivo contém um caractere começando com o deslocamento 0x32b que é inválido no conjunto de caracteres de origem atual (página de código 65001).
  (compilando o arquivo fonte 'QtGui.cpp')
  
D:\mathe\Documents\Meus Codes\demo-api-sdk\QtGui\ImgSink.h(1,1): warning C4828: O arquivo contém um caractere começando com o deslocamento 0x38f que é inválido no conjunto de caracteres de origem atual (página de código 65001).
  (compilando o arquivo fonte 'QtGui.cpp')
  
D:\mathe\Documents\Meus Codes\demo-api-sdk\QtGui\ImgSink.h(1,1): warning C4828: O arquivo contém um caractere começando com o deslocamento 0x4e0 que é inválido no conjunto de caracteres de origem atual (página de código 65001).
  (compilando o arquivo fonte 'QtGui.cpp')
  
D:\mathe\Documents\Meus Codes\demo-api-sdk\include\xacquisition.h(26,27): warning C4309: 'argumento padrão': truncamento de valor constante
  (compilando o arquivo fonte 'QtGui.cpp')
  
D:\mathe\Documents\Meus Codes\demo-api-sdk\QtGui\utils.h(1,1): warning C4828: O arquivo contém um caractere começando com o deslocamento 0x2b que é inválido no conjunto de caracteres de origem atual (página de código 65001).
  (compilando o arquivo fonte 'QtGui.cpp')
  
D:\mathe\Documents\Meus Codes\demo-api-sdk\QtGui\utils.h(1,1): warning C4828: O arquivo contém um caractere começando com o deslocamento 0x3a que é inválido no conjunto de caracteres de origem atual (página de código 65001).
  (compilando o arquivo fonte 'QtGui.cpp')
  
D:\mathe\Documents\Meus Codes\demo-api-sdk\QtGui\CmdSink.h(1,1): warning C4828: O arquivo contém um caractere começando com o deslocamento 0xa2 que é inválido no conjunto de caracteres de origem atual (página de código 65001).
  (compilando o arquivo fonte 'main.cpp')
  
D:\mathe\Documents\Meus Codes\demo-api-sdk\QtGui\CmdSink.h(1,1): warning C4828: O arquivo contém um caractere começando com o deslocamento 0xb6 que é inválido no conjunto de caracteres de origem atual (página de código 65001).
  (compilando o arquivo fonte 'main.cpp')
  
D:\mathe\Documents\Meus Codes\demo-api-sdk\QtGui\CmdSink.h(1,1): warning C4828: O arquivo contém um caractere começando com o deslocamento 0x13e que é inválido no conjunto de caracteres de origem atual (página de código 65001).
  (compilando o arquivo fonte 'main.cpp')
  
D:\mathe\Documents\Meus Codes\demo-api-sdk\QtGui\CmdSink.h(1,1): warning C4828: O arquivo contém um caractere começando com o deslocamento 0x155 que é inválido no conjunto de caracteres de origem atual (página de código 65001).
  (compilando o arquivo fonte 'main.cpp')
  
D:\mathe\Documents\Meus Codes\demo-api-sdk\QtGui\ImgSink.h(1,1): warning C4828: O arquivo contém um caractere começando com o deslocamento 0x129 que é inválido no conjunto de caracteres de origem atual (página de código 65001).
  (compilando o arquivo fonte 'main.cpp')
  
D:\mathe\Documents\Meus Codes\demo-api-sdk\QtGui\ImgSink.h(1,1): warning C4828: O arquivo contém um caractere começando com o deslocamento 0x13d que é inválido no conjunto de caracteres de origem atual (página de código 65001).
  (compilando o arquivo fonte 'main.cpp')
  
D:\mathe\Documents\Meus Codes\demo-api-sdk\QtGui\ImgSink.h(1,1): warning C4828: O arquivo contém um caractere começando com o deslocamento 0x1c5 que é inválido no conjunto de caracteres de origem atual (página de código 65001).
  (compilando o arquivo fonte 'main.cpp')
  
D:\mathe\Documents\Meus Codes\demo-api-sdk\QtGui\ImgSink.h(1,1): warning C4828: O arquivo contém um caractere começando com o deslocamento 0x1dc que é inválido no conjunto de caracteres de origem atual (página de código 65001).
  (compilando o arquivo fonte 'main.cpp')
  
D:\mathe\Documents\Meus Codes\demo-api-sdk\QtGui\ImgSink.h(1,1): warning C4828: O arquivo contém um caractere começando com o deslocamento 0x30c que é inválido no conjunto de caracteres de origem atual (página de código 65001).
  (compilando o arquivo fonte 'main.cpp')
  
D:\mathe\Documents\Meus Codes\demo-api-sdk\QtGui\ImgSink.h(1,1): warning C4828: O arquivo contém um caractere começando com o deslocamento 0x32b que é inválido no conjunto de caracteres de origem atual (página de código 65001).
  (compilando o arquivo fonte 'main.cpp')
  
D:\mathe\Documents\Meus Codes\demo-api-sdk\QtGui\ImgSink.h(1,1): warning C4828: O arquivo contém um caractere começando com o deslocamento 0x38f que é inválido no conjunto de caracteres de origem atual (página de código 65001).
  (compilando o arquivo fonte 'main.cpp')
  
D:\mathe\Documents\Meus Codes\demo-api-sdk\QtGui\ImgSink.h(1,1): warning C4828: O arquivo contém um caractere começando com o deslocamento 0x4e0 que é inválido no conjunto de caracteres de origem atual (página de código 65001).
  (compilando o arquivo fonte 'main.cpp')
  
D:\mathe\Documents\Meus Codes\demo-api-sdk\include\xacquisition.h(26,27): warning C4309: 'argumento padrão': truncamento de valor constante
  (compilando o arquivo fonte 'main.cpp')
  
  qrc_QtGui.cpp
  moc_QtGui.cpp
D:\mathe\Documents\Meus Codes\demo-api-sdk\QtGui\CmdSink.h(1,1): warning C4828: O arquivo contém um caractere começando com o deslocamento 0xa2 que é inválido no conjunto de caracteres de origem atual (página de código 65001).
  (compilando o arquivo fonte 'x64/Debug/qt/moc/moc_QtGui.cpp')
  
D:\mathe\Documents\Meus Codes\demo-api-sdk\QtGui\CmdSink.h(1,1): warning C4828: O arquivo contém um caractere começando com o deslocamento 0xb6 que é inválido no conjunto de caracteres de origem atual (página de código 65001).
  (compilando o arquivo fonte 'x64/Debug/qt/moc/moc_QtGui.cpp')
  
D:\mathe\Documents\Meus Codes\demo-api-sdk\QtGui\CmdSink.h(1,1): warning C4828: O arquivo contém um caractere começando com o deslocamento 0x13e que é inválido no conjunto de caracteres de origem atual (página de código 65001).
  (compilando o arquivo fonte 'x64/Debug/qt/moc/moc_QtGui.cpp')
  
D:\mathe\Documents\Meus Codes\demo-api-sdk\QtGui\CmdSink.h(1,1): warning C4828: O arquivo contém um caractere começando com o deslocamento 0x155 que é inválido no conjunto de caracteres de origem atual (página de código 65001).
  (compilando o arquivo fonte 'x64/Debug/qt/moc/moc_QtGui.cpp')
  
D:\mathe\Documents\Meus Codes\demo-api-sdk\QtGui\ImgSink.h(1,1): warning C4828: O arquivo contém um caractere começando com o deslocamento 0x129 que é inválido no conjunto de caracteres de origem atual (página de código 65001).
  (compilando o arquivo fonte 'x64/Debug/qt/moc/moc_QtGui.cpp')
  
D:\mathe\Documents\Meus Codes\demo-api-sdk\QtGui\ImgSink.h(1,1): warning C4828: O arquivo contém um caractere começando com o deslocamento 0x13d que é inválido no conjunto de caracteres de origem atual (página de código 65001).
  (compilando o arquivo fonte 'x64/Debug/qt/moc/moc_QtGui.cpp')
  
D:\mathe\Documents\Meus Codes\demo-api-sdk\QtGui\ImgSink.h(1,1): warning C4828: O arquivo contém um caractere começando com o deslocamento 0x1c5 que é inválido no conjunto de caracteres de origem atual (página de código 65001).
  (compilando o arquivo fonte 'x64/Debug/qt/moc/moc_QtGui.cpp')
  
D:\mathe\Documents\Meus Codes\demo-api-sdk\QtGui\ImgSink.h(1,1): warning C4828: O arquivo contém um caractere começando com o deslocamento 0x1dc que é inválido no conjunto de caracteres de origem atual (página de código 65001).
  (compilando o arquivo fonte 'x64/Debug/qt/moc/moc_QtGui.cpp')
  
D:\mathe\Documents\Meus Codes\demo-api-sdk\QtGui\ImgSink.h(1,1): warning C4828: O arquivo contém um caractere começando com o deslocamento 0x30c que é inválido no conjunto de caracteres de origem atual (página de código 65001).
  (compilando o arquivo fonte 'x64/Debug/qt/moc/moc_QtGui.cpp')
  
D:\mathe\Documents\Meus Codes\demo-api-sdk\QtGui\ImgSink.h(1,1): warning C4828: O arquivo contém um caractere começando com o deslocamento 0x32b que é inválido no conjunto de caracteres de origem atual (página de código 65001).
  (compilando o arquivo fonte 'x64/Debug/qt/moc/moc_QtGui.cpp')
  
D:\mathe\Documents\Meus Codes\demo-api-sdk\QtGui\ImgSink.h(1,1): warning C4828: O arquivo contém um caractere começando com o deslocamento 0x38f que é inválido no conjunto de caracteres de origem atual (página de código 65001).
  (compilando o arquivo fonte 'x64/Debug/qt/moc/moc_QtGui.cpp')
  
D:\mathe\Documents\Meus Codes\demo-api-sdk\QtGui\ImgSink.h(1,1): warning C4828: O arquivo contém um caractere começando com o deslocamento 0x4e0 que é inválido no conjunto de caracteres de origem atual (página de código 65001).
  (compilando o arquivo fonte 'x64/Debug/qt/moc/moc_QtGui.cpp')
  
D:\mathe\Documents\Meus Codes\demo-api-sdk\include\xacquisition.h(26,27): warning C4309: 'argumento padrão': truncamento de valor constante
  (compilando o arquivo fonte 'x64/Debug/qt/moc/moc_QtGui.cpp')
  
  QtGui.vcxproj -> D:\mathe\Documents\Meus Codes\demo-api-sdk\x64\Debug\QtGui.exe
