d:\mathe\documents\meus codes\demo-api-sdk\qtgui\x64\debug\cmdsink.obj
d:\mathe\documents\meus codes\demo-api-sdk\qtgui\x64\debug\main.obj
d:\mathe\documents\meus codes\demo-api-sdk\qtgui\x64\debug\qtgui.obj
d:\mathe\documents\meus codes\demo-api-sdk\qtgui\x64\debug\vc143.pdb
d:\mathe\documents\meus codes\demo-api-sdk\qtgui\x64\debug\vc143.idb
d:\mathe\documents\meus codes\demo-api-sdk\qtgui\x64\debug\qrc_qtgui.obj
d:\mathe\documents\meus codes\demo-api-sdk\qtgui\x64\debug\imgsink.obj
d:\mathe\documents\meus codes\demo-api-sdk\qtgui\x64\debug\moc_qtgui.obj
d:\mathe\downloads\demo-api-sdk\qtgui\x64\debug\qtgui.pch
d:\mathe\downloads\demo-api-sdk\qtgui\x64\debug\vc143.pdb
d:\mathe\downloads\demo-api-sdk\qtgui\x64\debug\vc143.idb
d:\mathe\downloads\demo-api-sdk\qtgui\x64\debug\stdafx.obj
d:\mathe\downloads\demo-api-sdk\qtgui\x64\debug\utils.obj
d:\mathe\downloads\demo-api-sdk\qtgui\x64\debug\qtgui.obj
d:\mathe\downloads\demo-api-sdk\qtgui\x64\debug\main.obj
d:\mathe\documents\meus codes\demo-api-sdk\qtgui\x64\debug\qtgui.pch
d:\mathe\documents\meus codes\demo-api-sdk\qtgui\x64\debug\stdafx.obj
d:\mathe\documents\meus codes\demo-api-sdk\qtgui\x64\debug\utils.obj
d:\mathe\documents\meus codes\demo-api-sdk\x64\debug\qtgui.exe
d:\mathe\documents\meus codes\demo-api-sdk\x64\debug\qtgui.pdb
d:\mathe\documents\meus codes\demo-api-sdk\qtgui\x64\debug\qt\moc\moc_qtgui.cpp
d:\mathe\documents\meus codes\demo-api-sdk\qtgui\x64\debug\uic\ui_qtgui.h
d:\mathe\documents\meus codes\demo-api-sdk\qtgui\x64\debug\rcc\qrc_qtgui.cpp
d:\mathe\documents\meus codes\demo-api-sdk\qtgui\x64\debug\moc\moc_qtgui.cpp
d:\mathe\documents\meus codes\demo-api-sdk\qtgui\x64\debug\qt\uic\ui_qtgui.h
d:\mathe\documents\meus codes\demo-api-sdk\qtgui\x64\debug\qt\rcc\qrc_qtgui.cpp
d:\mathe\downloads\demo-api-sdk\qtgui\x64\debug\qt\uic\ui_qtgui.h
d:\mathe\downloads\demo-api-sdk\qtgui\x64\debug\qt\rcc\qrc_qtgui.cpp
d:\mathe\downloads\demo-api-sdk\qtgui\x64\debug\qt\moc\moc_qtgui.cpp
d:\mathe\documents\meus codes\demo-api-sdk\qtgui\x64\debug\qtgui.res
d:\mathe\documents\meus codes\demo-api-sdk\x64\debug\qtgui.lib
d:\mathe\documents\meus codes\demo-api-sdk\x64\debug\qtgui.exp
d:\mathe\documents\meus codes\demo-api-sdk\qtgui\x64\debug\qtgui.ilk
d:\mathe\documents\meus codes\demo-api-sdk\qtgui\x64\debug\qtgui.tlog\cl.command.1.tlog
d:\mathe\documents\meus codes\demo-api-sdk\qtgui\x64\debug\qtgui.tlog\cl.items.tlog
d:\mathe\documents\meus codes\demo-api-sdk\qtgui\x64\debug\qtgui.tlog\cl.read.1.tlog
d:\mathe\documents\meus codes\demo-api-sdk\qtgui\x64\debug\qtgui.tlog\cl.write.1.tlog
d:\mathe\documents\meus codes\demo-api-sdk\qtgui\x64\debug\qtgui.tlog\link.command.1.tlog
d:\mathe\documents\meus codes\demo-api-sdk\qtgui\x64\debug\qtgui.tlog\link.read.1.tlog
d:\mathe\documents\meus codes\demo-api-sdk\qtgui\x64\debug\qtgui.tlog\link.secondary.1.tlog
d:\mathe\documents\meus codes\demo-api-sdk\qtgui\x64\debug\qtgui.tlog\link.write.1.tlog
d:\mathe\documents\meus codes\demo-api-sdk\qtgui\x64\debug\qtgui.tlog\moc.read.1u.tlog
d:\mathe\documents\meus codes\demo-api-sdk\qtgui\x64\debug\qtgui.tlog\moc.write.1u.tlog
d:\mathe\documents\meus codes\demo-api-sdk\qtgui\x64\debug\qtgui.tlog\qtgui.write.1u.tlog
d:\mathe\documents\meus codes\demo-api-sdk\qtgui\x64\debug\qtgui.tlog\rc.command.1.tlog
d:\mathe\documents\meus codes\demo-api-sdk\qtgui\x64\debug\qtgui.tlog\rc.read.1.tlog
d:\mathe\documents\meus codes\demo-api-sdk\qtgui\x64\debug\qtgui.tlog\rc.write.1.tlog
d:\mathe\documents\meus codes\demo-api-sdk\qtgui\x64\debug\qtgui.tlog\rcc.read.1u.tlog
d:\mathe\documents\meus codes\demo-api-sdk\qtgui\x64\debug\qtgui.tlog\rcc.write.1u.tlog
d:\mathe\documents\meus codes\demo-api-sdk\qtgui\x64\debug\qtgui.tlog\uic.read.1u.tlog
d:\mathe\documents\meus codes\demo-api-sdk\qtgui\x64\debug\qtgui.tlog\uic.write.1u.tlog
